13-May-2023 09:47:45.140 WARNING [main] org.apache.tomcat.util.digester.SetPropertiesRule.begin Match [Server/Service/Connector] failed to set property [maxPostSize] to [134217728000]
13-May-2023 09:47:45.791 INFO [main] org.apache.catalina.startup.VersionLoggerListener.log Server version name:   Apache Tomcat/10.1.7
13-May-2023 09:47:45.793 INFO [main] org.apache.catalina.startup.VersionLoggerListener.log Server built:          Feb 27 2023 20:25:27 UTC
13-May-2023 09:47:45.793 INFO [main] org.apache.catalina.startup.VersionLoggerListener.log Server version number: 10.1.7.0
13-May-2023 09:47:45.795 INFO [main] org.apache.catalina.startup.VersionLoggerListener.log OS Name:               Windows 10
13-May-2023 09:47:45.795 INFO [main] org.apache.catalina.startup.VersionLoggerListener.log OS Version:            10.0
13-May-2023 09:47:45.796 INFO [main] org.apache.catalina.startup.VersionLoggerListener.log Architecture:          amd64
13-May-2023 09:47:45.797 INFO [main] org.apache.catalina.startup.VersionLoggerListener.log Java Home:             C:\Program Files\Java\jdk-19
13-May-2023 09:47:45.798 INFO [main] org.apache.catalina.startup.VersionLoggerListener.log JVM Version:           19.0.2+7-44
13-May-2023 09:47:45.798 INFO [main] org.apache.catalina.startup.VersionLoggerListener.log JVM Vendor:            Oracle Corporation
13-May-2023 09:47:45.799 INFO [main] org.apache.catalina.startup.VersionLoggerListener.log CATALINA_BASE:         F:\Subjects\8th sem\Project\tomcat
13-May-2023 09:47:45.799 INFO [main] org.apache.catalina.startup.VersionLoggerListener.log CATALINA_HOME:         F:\Subjects\8th sem\Project\tomcat
13-May-2023 09:47:45.834 INFO [main] org.apache.catalina.startup.VersionLoggerListener.log Command line argument: -Djava.util.logging.config.file=F:\Subjects\8th sem\Project\tomcat\conf\logging.properties
13-May-2023 09:47:45.834 INFO [main] org.apache.catalina.startup.VersionLoggerListener.log Command line argument: -Djava.util.logging.manager=org.apache.juli.ClassLoaderLogManager
13-May-2023 09:47:45.836 INFO [main] org.apache.catalina.startup.VersionLoggerListener.log Command line argument: -Djdk.tls.ephemeralDHKeySize=2048
13-May-2023 09:47:45.836 INFO [main] org.apache.catalina.startup.VersionLoggerListener.log Command line argument: -Djava.protocol.handler.pkgs=org.apache.catalina.webresources
13-May-2023 09:47:45.838 INFO [main] org.apache.catalina.startup.VersionLoggerListener.log Command line argument: --add-opens=java.base/java.lang=ALL-UNNAMED
13-May-2023 09:47:45.840 INFO [main] org.apache.catalina.startup.VersionLoggerListener.log Command line argument: --add-opens=java.base/java.io=ALL-UNNAMED
13-May-2023 09:47:45.841 INFO [main] org.apache.catalina.startup.VersionLoggerListener.log Command line argument: --add-opens=java.base/java.util=ALL-UNNAMED
13-May-2023 09:47:45.843 INFO [main] org.apache.catalina.startup.VersionLoggerListener.log Command line argument: --add-opens=java.base/java.util.concurrent=ALL-UNNAMED
13-May-2023 09:47:45.849 INFO [main] org.apache.catalina.startup.VersionLoggerListener.log Command line argument: --add-opens=java.rmi/sun.rmi.transport=ALL-UNNAMED
13-May-2023 09:47:45.851 INFO [main] org.apache.catalina.startup.VersionLoggerListener.log Command line argument: -Dcatalina.base=F:\Subjects\8th sem\Project\tomcat
13-May-2023 09:47:45.855 INFO [main] org.apache.catalina.startup.VersionLoggerListener.log Command line argument: -Dcatalina.home=F:\Subjects\8th sem\Project\tomcat
13-May-2023 09:47:45.858 INFO [main] org.apache.catalina.startup.VersionLoggerListener.log Command line argument: -Djava.io.tmpdir=F:\Subjects\8th sem\Project\tomcat\temp
13-May-2023 09:47:46.033 INFO [main] org.apache.catalina.core.AprLifecycleListener.lifecycleEvent Loaded Apache Tomcat Native library [2.0.3] using APR version [1.7.2].
13-May-2023 09:47:46.286 INFO [main] org.apache.catalina.core.AprLifecycleListener.initializeSSL OpenSSL successfully initialized [OpenSSL 3.0.8 7 Feb 2023]
13-May-2023 09:47:48.473 INFO [main] org.apache.coyote.AbstractProtocol.init Initializing ProtocolHandler ["http-nio-8080"]
13-May-2023 09:47:48.767 INFO [main] org.apache.catalina.startup.Catalina.load Server initialization in [5727] milliseconds
13-May-2023 09:47:49.219 INFO [main] org.apache.catalina.core.StandardService.startInternal Starting service [Catalina]
13-May-2023 09:47:49.221 INFO [main] org.apache.catalina.core.StandardEngine.startInternal Starting Servlet engine: [Apache Tomcat/10.1.7]
13-May-2023 09:47:49.281 INFO [main] org.apache.catalina.startup.HostConfig.deployDirectory Deploying web application directory [F:\Subjects\8th sem\Project\tomcat\webapps\docs]
13-May-2023 09:48:11.039 INFO [main] org.apache.jasper.servlet.TldScanner.scanJars At least one JAR was scanned for TLDs yet contained no TLDs. Enable debug logging for this logger for a complete list of JARs that were scanned but no TLDs were found in them. Skipping unneeded JARs during scanning can improve startup time and JSP compilation time.
13-May-2023 09:48:11.311 WARNING [main] org.apache.catalina.util.SessionIdGeneratorBase.createSecureRandom Creation of SecureRandom instance for session ID generation using [SHA1PRNG] took [114] milliseconds.
13-May-2023 09:48:11.467 INFO [main] org.apache.catalina.startup.HostConfig.deployDirectory Deployment of web application directory [F:\Subjects\8th sem\Project\tomcat\webapps\docs] has finished in [22,185] ms
13-May-2023 09:48:11.469 INFO [main] org.apache.catalina.startup.HostConfig.deployDirectory Deploying web application directory [F:\Subjects\8th sem\Project\tomcat\webapps\examples]
13-May-2023 09:48:28.322 INFO [main] org.apache.jasper.servlet.TldScanner.scanJars At least one JAR was scanned for TLDs yet contained no TLDs. Enable debug logging for this logger for a complete list of JARs that were scanned but no TLDs were found in them. Skipping unneeded JARs during scanning can improve startup time and JSP compilation time.
13-May-2023 09:48:28.502 INFO [main] org.apache.catalina.startup.HostConfig.deployDirectory Deployment of web application directory [F:\Subjects\8th sem\Project\tomcat\webapps\examples] has finished in [17,032] ms
13-May-2023 09:48:28.503 INFO [main] org.apache.catalina.startup.HostConfig.deployDirectory Deploying web application directory [F:\Subjects\8th sem\Project\tomcat\webapps\fileserver]
13-May-2023 09:48:28.524 WARNING [main] org.apache.catalina.realm.CombinedRealm.setCredentialHandler A CredentialHandler was set on an instance of the CombinedRealm (or a sub-class of CombinedRealm). CombinedRealm doesn't use a configured CredentialHandler. Is this a configuration error?
13-May-2023 09:48:32.189 WARNING [main] org.apache.catalina.startup.ContextConfig.validateSecurityRoles Security role name [fuser] used in an <auth-constraint> without being defined in a <security-role>
13-May-2023 09:48:32.193 WARNING [main] org.apache.catalina.startup.ContextConfig.validateSecurityRoles Security role name [fadmin] used in an <auth-constraint> without being defined in a <security-role>
13-May-2023 09:48:32.493 INFO [main] org.apache.jasper.servlet.TldScanner.scanJars At least one JAR was scanned for TLDs yet contained no TLDs. Enable debug logging for this logger for a complete list of JARs that were scanned but no TLDs were found in them. Skipping unneeded JARs during scanning can improve startup time and JSP compilation time.
13-May-2023 09:48:32.586 INFO [main] org.apache.catalina.startup.HostConfig.deployDirectory Deployment of web application directory [F:\Subjects\8th sem\Project\tomcat\webapps\fileserver] has finished in [4,083] ms
13-May-2023 09:48:32.589 INFO [main] org.apache.catalina.startup.HostConfig.deployDirectory Deploying web application directory [F:\Subjects\8th sem\Project\tomcat\webapps\host-manager]
13-May-2023 09:48:48.067 INFO [main] org.apache.jasper.servlet.TldScanner.scanJars At least one JAR was scanned for TLDs yet contained no TLDs. Enable debug logging for this logger for a complete list of JARs that were scanned but no TLDs were found in them. Skipping unneeded JARs during scanning can improve startup time and JSP compilation time.
13-May-2023 09:48:48.214 INFO [main] org.apache.catalina.startup.HostConfig.deployDirectory Deployment of web application directory [F:\Subjects\8th sem\Project\tomcat\webapps\host-manager] has finished in [15,625] ms
13-May-2023 09:48:48.216 INFO [main] org.apache.catalina.startup.HostConfig.deployDirectory Deploying web application directory [F:\Subjects\8th sem\Project\tomcat\webapps\manager]
13-May-2023 09:49:03.380 INFO [main] org.apache.jasper.servlet.TldScanner.scanJars At least one JAR was scanned for TLDs yet contained no TLDs. Enable debug logging for this logger for a complete list of JARs that were scanned but no TLDs were found in them. Skipping unneeded JARs during scanning can improve startup time and JSP compilation time.
13-May-2023 09:49:03.399 INFO [main] org.apache.catalina.startup.HostConfig.deployDirectory Deployment of web application directory [F:\Subjects\8th sem\Project\tomcat\webapps\manager] has finished in [15,183] ms
13-May-2023 09:49:03.400 INFO [main] org.apache.catalina.startup.HostConfig.deployDirectory Deploying web application directory [F:\Subjects\8th sem\Project\tomcat\webapps\ROOT]
13-May-2023 09:49:17.652 INFO [main] org.apache.jasper.servlet.TldScanner.scanJars At least one JAR was scanned for TLDs yet contained no TLDs. Enable debug logging for this logger for a complete list of JARs that were scanned but no TLDs were found in them. Skipping unneeded JARs during scanning can improve startup time and JSP compilation time.
13-May-2023 09:49:17.667 INFO [main] org.apache.catalina.startup.HostConfig.deployDirectory Deployment of web application directory [F:\Subjects\8th sem\Project\tomcat\webapps\ROOT] has finished in [14,266] ms
13-May-2023 09:49:17.675 INFO [main] org.apache.coyote.AbstractProtocol.start Starting ProtocolHandler ["http-nio-8080"]
13-May-2023 09:49:18.035 INFO [main] org.apache.catalina.startup.Catalina.start Server startup in [89260] milliseconds
13-May-2023 10:05:48.844 INFO [Thread-1] org.apache.coyote.AbstractProtocol.pause Pausing ProtocolHandler ["http-nio-8080"]
13-May-2023 10:05:48.860 INFO [Thread-1] org.apache.catalina.core.StandardService.stopInternal Stopping service [Catalina]
13-May-2023 10:05:49.036 WARNING [Thread-1] org.apache.catalina.loader.WebappClassLoaderBase.clearReferencesJdbc The web application [fileserver] registered the JDBC driver [org.postgresql.Driver] but failed to unregister it when the web application was stopped. To prevent a memory leak, the JDBC Driver has been forcibly unregistered.
13-May-2023 10:05:49.082 INFO [Thread-1] org.apache.coyote.AbstractProtocol.stop Stopping ProtocolHandler ["http-nio-8080"]
13-May-2023 10:05:49.139 INFO [Thread-1] org.apache.coyote.AbstractProtocol.destroy Destroying ProtocolHandler ["http-nio-8080"]
13-May-2023 10:41:49.310 SEVERE [main] org.apache.catalina.startup.Catalina.stopServer Could not contact [localhost:8005] (base port [8005] and offset [0]). Tomcat may not be running.
13-May-2023 10:41:49.390 SEVERE [main] org.apache.catalina.startup.Catalina.stopServer Error stopping Catalina
	java.net.ConnectException: Connection refused: connect
		at java.base/sun.nio.ch.Net.connect0(Native Method)
		at java.base/sun.nio.ch.Net.connect(Net.java:579)
		at java.base/sun.nio.ch.Net.connect(Net.java:568)
		at java.base/sun.nio.ch.NioSocketImpl.connect(NioSocketImpl.java:576)
		at java.base/java.net.SocksSocketImpl.connect(SocksSocketImpl.java:327)
		at java.base/java.net.Socket.connect(Socket.java:666)
		at java.base/java.net.Socket.connect(Socket.java:600)
		at java.base/java.net.Socket.<init>(Socket.java:509)
		at java.base/java.net.Socket.<init>(Socket.java:289)
		at org.apache.catalina.startup.Catalina.stopServer(Catalina.java:692)
		at java.base/jdk.internal.reflect.DirectMethodHandleAccessor.invoke(DirectMethodHandleAccessor.java:104)
		at java.base/java.lang.reflect.Method.invoke(Method.java:578)
		at org.apache.catalina.startup.Bootstrap.stopServer(Bootstrap.java:393)
		at org.apache.catalina.startup.Bootstrap.main(Bootstrap.java:483)
13-May-2023 10:42:02.397 WARNING [main] org.apache.tomcat.util.digester.SetPropertiesRule.begin Match [Server/Service/Connector] failed to set property [maxPostSize] to [134217728000]
13-May-2023 10:42:02.649 INFO [main] org.apache.catalina.startup.VersionLoggerListener.log Server version name:   Apache Tomcat/10.1.7
13-May-2023 10:42:02.660 INFO [main] org.apache.catalina.startup.VersionLoggerListener.log Server built:          Feb 27 2023 20:25:27 UTC
13-May-2023 10:42:02.660 INFO [main] org.apache.catalina.startup.VersionLoggerListener.log Server version number: 10.1.7.0
13-May-2023 10:42:02.660 INFO [main] org.apache.catalina.startup.VersionLoggerListener.log OS Name:               Windows 10
13-May-2023 10:42:02.660 INFO [main] org.apache.catalina.startup.VersionLoggerListener.log OS Version:            10.0
13-May-2023 10:42:02.670 INFO [main] org.apache.catalina.startup.VersionLoggerListener.log Architecture:          amd64
13-May-2023 10:42:02.670 INFO [main] org.apache.catalina.startup.VersionLoggerListener.log Java Home:             C:\Program Files\Java\jdk-19
13-May-2023 10:42:02.670 INFO [main] org.apache.catalina.startup.VersionLoggerListener.log JVM Version:           19.0.2+7-44
13-May-2023 10:42:02.670 INFO [main] org.apache.catalina.startup.VersionLoggerListener.log JVM Vendor:            Oracle Corporation
13-May-2023 10:42:02.670 INFO [main] org.apache.catalina.startup.VersionLoggerListener.log CATALINA_BASE:         F:\Subjects\8th sem\Project\tomcat
13-May-2023 10:42:02.670 INFO [main] org.apache.catalina.startup.VersionLoggerListener.log CATALINA_HOME:         F:\Subjects\8th sem\Project\tomcat
13-May-2023 10:42:02.688 INFO [main] org.apache.catalina.startup.VersionLoggerListener.log Command line argument: -Djava.util.logging.config.file=F:\Subjects\8th sem\Project\tomcat\conf\logging.properties
13-May-2023 10:42:02.688 INFO [main] org.apache.catalina.startup.VersionLoggerListener.log Command line argument: -Djava.util.logging.manager=org.apache.juli.ClassLoaderLogManager
13-May-2023 10:42:02.697 INFO [main] org.apache.catalina.startup.VersionLoggerListener.log Command line argument: -Djdk.tls.ephemeralDHKeySize=2048
13-May-2023 10:42:02.697 INFO [main] org.apache.catalina.startup.VersionLoggerListener.log Command line argument: -Djava.protocol.handler.pkgs=org.apache.catalina.webresources
13-May-2023 10:42:02.697 INFO [main] org.apache.catalina.startup.VersionLoggerListener.log Command line argument: --add-opens=java.base/java.lang=ALL-UNNAMED
13-May-2023 10:42:02.697 INFO [main] org.apache.catalina.startup.VersionLoggerListener.log Command line argument: --add-opens=java.base/java.io=ALL-UNNAMED
13-May-2023 10:42:02.705 INFO [main] org.apache.catalina.startup.VersionLoggerListener.log Command line argument: --add-opens=java.base/java.util=ALL-UNNAMED
13-May-2023 10:42:02.705 INFO [main] org.apache.catalina.startup.VersionLoggerListener.log Command line argument: --add-opens=java.base/java.util.concurrent=ALL-UNNAMED
13-May-2023 10:42:02.713 INFO [main] org.apache.catalina.startup.VersionLoggerListener.log Command line argument: --add-opens=java.rmi/sun.rmi.transport=ALL-UNNAMED
13-May-2023 10:42:02.713 INFO [main] org.apache.catalina.startup.VersionLoggerListener.log Command line argument: -Dcatalina.base=F:\Subjects\8th sem\Project\tomcat
13-May-2023 10:42:02.713 INFO [main] org.apache.catalina.startup.VersionLoggerListener.log Command line argument: -Dcatalina.home=F:\Subjects\8th sem\Project\tomcat
13-May-2023 10:42:02.721 INFO [main] org.apache.catalina.startup.VersionLoggerListener.log Command line argument: -Djava.io.tmpdir=F:\Subjects\8th sem\Project\tomcat\temp
13-May-2023 10:42:02.831 INFO [main] org.apache.catalina.core.AprLifecycleListener.lifecycleEvent Loaded Apache Tomcat Native library [2.0.3] using APR version [1.7.2].
13-May-2023 10:42:03.032 INFO [main] org.apache.catalina.core.AprLifecycleListener.initializeSSL OpenSSL successfully initialized [OpenSSL 3.0.8 7 Feb 2023]
13-May-2023 10:42:05.133 INFO [main] org.apache.coyote.AbstractProtocol.init Initializing ProtocolHandler ["http-nio-8080"]
13-May-2023 10:42:05.446 INFO [main] org.apache.catalina.startup.Catalina.load Server initialization in [3731] milliseconds
13-May-2023 10:42:05.914 INFO [main] org.apache.catalina.core.StandardService.startInternal Starting service [Catalina]
13-May-2023 10:42:05.914 INFO [main] org.apache.catalina.core.StandardEngine.startInternal Starting Servlet engine: [Apache Tomcat/10.1.7]
13-May-2023 10:42:05.967 INFO [main] org.apache.catalina.startup.HostConfig.deployDirectory Deploying web application directory [F:\Subjects\8th sem\Project\tomcat\webapps\docs]
13-May-2023 10:42:28.271 INFO [main] org.apache.jasper.servlet.TldScanner.scanJars At least one JAR was scanned for TLDs yet contained no TLDs. Enable debug logging for this logger for a complete list of JARs that were scanned but no TLDs were found in them. Skipping unneeded JARs during scanning can improve startup time and JSP compilation time.
13-May-2023 10:42:28.640 WARNING [main] org.apache.catalina.util.SessionIdGeneratorBase.createSecureRandom Creation of SecureRandom instance for session ID generation using [SHA1PRNG] took [114] milliseconds.
13-May-2023 10:42:28.923 INFO [main] org.apache.catalina.startup.HostConfig.deployDirectory Deployment of web application directory [F:\Subjects\8th sem\Project\tomcat\webapps\docs] has finished in [22,953] ms
13-May-2023 10:42:28.926 INFO [main] org.apache.catalina.startup.HostConfig.deployDirectory Deploying web application directory [F:\Subjects\8th sem\Project\tomcat\webapps\examples]
13-May-2023 10:42:46.160 INFO [main] org.apache.jasper.servlet.TldScanner.scanJars At least one JAR was scanned for TLDs yet contained no TLDs. Enable debug logging for this logger for a complete list of JARs that were scanned but no TLDs were found in them. Skipping unneeded JARs during scanning can improve startup time and JSP compilation time.
13-May-2023 10:42:46.368 INFO [main] org.apache.catalina.startup.HostConfig.deployDirectory Deployment of web application directory [F:\Subjects\8th sem\Project\tomcat\webapps\examples] has finished in [17,442] ms
13-May-2023 10:42:46.368 INFO [main] org.apache.catalina.startup.HostConfig.deployDirectory Deploying web application directory [F:\Subjects\8th sem\Project\tomcat\webapps\fileserver]
13-May-2023 10:42:46.424 WARNING [main] org.apache.catalina.realm.CombinedRealm.setCredentialHandler A CredentialHandler was set on an instance of the CombinedRealm (or a sub-class of CombinedRealm). CombinedRealm doesn't use a configured CredentialHandler. Is this a configuration error?
13-May-2023 10:42:51.328 WARNING [main] org.apache.catalina.startup.ContextConfig.validateSecurityRoles Security role name [fuser] used in an <auth-constraint> without being defined in a <security-role>
13-May-2023 10:42:51.339 WARNING [main] org.apache.catalina.startup.ContextConfig.validateSecurityRoles Security role name [fadmin] used in an <auth-constraint> without being defined in a <security-role>
13-May-2023 10:42:51.644 INFO [main] org.apache.jasper.servlet.TldScanner.scanJars At least one JAR was scanned for TLDs yet contained no TLDs. Enable debug logging for this logger for a complete list of JARs that were scanned but no TLDs were found in them. Skipping unneeded JARs during scanning can improve startup time and JSP compilation time.
13-May-2023 10:42:51.716 INFO [main] org.apache.catalina.startup.HostConfig.deployDirectory Deployment of web application directory [F:\Subjects\8th sem\Project\tomcat\webapps\fileserver] has finished in [5,348] ms
13-May-2023 10:42:51.723 INFO [main] org.apache.catalina.startup.HostConfig.deployDirectory Deploying web application directory [F:\Subjects\8th sem\Project\tomcat\webapps\host-manager]
13-May-2023 10:43:06.909 INFO [main] org.apache.jasper.servlet.TldScanner.scanJars At least one JAR was scanned for TLDs yet contained no TLDs. Enable debug logging for this logger for a complete list of JARs that were scanned but no TLDs were found in them. Skipping unneeded JARs during scanning can improve startup time and JSP compilation time.
13-May-2023 10:43:07.003 INFO [main] org.apache.catalina.startup.HostConfig.deployDirectory Deployment of web application directory [F:\Subjects\8th sem\Project\tomcat\webapps\host-manager] has finished in [15,280] ms
13-May-2023 10:43:07.003 INFO [main] org.apache.catalina.startup.HostConfig.deployDirectory Deploying web application directory [F:\Subjects\8th sem\Project\tomcat\webapps\manager]
13-May-2023 10:43:21.807 INFO [main] org.apache.jasper.servlet.TldScanner.scanJars At least one JAR was scanned for TLDs yet contained no TLDs. Enable debug logging for this logger for a complete list of JARs that were scanned but no TLDs were found in them. Skipping unneeded JARs during scanning can improve startup time and JSP compilation time.
13-May-2023 10:43:21.824 INFO [main] org.apache.catalina.startup.HostConfig.deployDirectory Deployment of web application directory [F:\Subjects\8th sem\Project\tomcat\webapps\manager] has finished in [14,821] ms
13-May-2023 10:43:21.832 INFO [main] org.apache.catalina.startup.HostConfig.deployDirectory Deploying web application directory [F:\Subjects\8th sem\Project\tomcat\webapps\ROOT]
13-May-2023 10:43:36.337 INFO [main] org.apache.jasper.servlet.TldScanner.scanJars At least one JAR was scanned for TLDs yet contained no TLDs. Enable debug logging for this logger for a complete list of JARs that were scanned but no TLDs were found in them. Skipping unneeded JARs during scanning can improve startup time and JSP compilation time.
13-May-2023 10:43:36.345 INFO [main] org.apache.catalina.startup.HostConfig.deployDirectory Deployment of web application directory [F:\Subjects\8th sem\Project\tomcat\webapps\ROOT] has finished in [14,513] ms
13-May-2023 10:43:36.362 INFO [main] org.apache.coyote.AbstractProtocol.start Starting ProtocolHandler ["http-nio-8080"]
13-May-2023 10:43:36.559 INFO [main] org.apache.catalina.startup.Catalina.start Server startup in [91112] milliseconds
13-May-2023 11:07:01.621 INFO [Thread-1] org.apache.coyote.AbstractProtocol.pause Pausing ProtocolHandler ["http-nio-8080"]
13-May-2023 11:07:01.657 INFO [Thread-1] org.apache.catalina.core.StandardService.stopInternal Stopping service [Catalina]
13-May-2023 11:07:01.796 WARNING [Thread-1] org.apache.catalina.loader.WebappClassLoaderBase.clearReferencesJdbc The web application [fileserver] registered the JDBC driver [org.postgresql.Driver] but failed to unregister it when the web application was stopped. To prevent a memory leak, the JDBC Driver has been forcibly unregistered.
13-May-2023 11:07:01.823 INFO [Thread-1] org.apache.coyote.AbstractProtocol.stop Stopping ProtocolHandler ["http-nio-8080"]
13-May-2023 11:07:01.845 INFO [Thread-1] org.apache.coyote.AbstractProtocol.destroy Destroying ProtocolHandler ["http-nio-8080"]
