23-May-2023 10:07:46.286 WARNING [main] org.apache.tomcat.util.digester.SetPropertiesRule.begin Match [Server/Service/Connector] failed to set property [maxPostSize] to [134217728000]
23-May-2023 10:07:46.489 INFO [main] org.apache.catalina.startup.VersionLoggerListener.log Server version name:   Apache Tomcat/10.1.7
23-May-2023 10:07:46.489 INFO [main] org.apache.catalina.startup.VersionLoggerListener.log Server built:          Feb 27 2023 20:25:27 UTC
23-May-2023 10:07:46.489 INFO [main] org.apache.catalina.startup.VersionLoggerListener.log Server version number: 10.1.7.0
23-May-2023 10:07:46.489 INFO [main] org.apache.catalina.startup.VersionLoggerListener.log OS Name:               Windows 10
23-May-2023 10:07:46.489 INFO [main] org.apache.catalina.startup.VersionLoggerListener.log OS Version:            10.0
23-May-2023 10:07:46.489 INFO [main] org.apache.catalina.startup.VersionLoggerListener.log Architecture:          amd64
23-May-2023 10:07:46.505 INFO [main] org.apache.catalina.startup.VersionLoggerListener.log Java Home:             C:\Program Files\Java\jdk-19
23-May-2023 10:07:46.505 INFO [main] org.apache.catalina.startup.VersionLoggerListener.log JVM Version:           19.0.2+7-44
23-May-2023 10:07:46.505 INFO [main] org.apache.catalina.startup.VersionLoggerListener.log JVM Vendor:            Oracle Corporation
23-May-2023 10:07:46.505 INFO [main] org.apache.catalina.startup.VersionLoggerListener.log CATALINA_BASE:         F:\Subjects\8th sem\Project\tomcat
23-May-2023 10:07:46.505 INFO [main] org.apache.catalina.startup.VersionLoggerListener.log CATALINA_HOME:         F:\Subjects\8th sem\Project\tomcat
23-May-2023 10:07:46.505 INFO [main] org.apache.catalina.startup.VersionLoggerListener.log Command line argument: -Djava.util.logging.config.file=F:\Subjects\8th sem\Project\tomcat\conf\logging.properties
23-May-2023 10:07:46.505 INFO [main] org.apache.catalina.startup.VersionLoggerListener.log Command line argument: -Djava.util.logging.manager=org.apache.juli.ClassLoaderLogManager
23-May-2023 10:07:46.505 INFO [main] org.apache.catalina.startup.VersionLoggerListener.log Command line argument: -Djdk.tls.ephemeralDHKeySize=2048
23-May-2023 10:07:46.505 INFO [main] org.apache.catalina.startup.VersionLoggerListener.log Command line argument: -Djava.protocol.handler.pkgs=org.apache.catalina.webresources
23-May-2023 10:07:46.520 INFO [main] org.apache.catalina.startup.VersionLoggerListener.log Command line argument: --add-opens=java.base/java.lang=ALL-UNNAMED
23-May-2023 10:07:46.520 INFO [main] org.apache.catalina.startup.VersionLoggerListener.log Command line argument: --add-opens=java.base/java.io=ALL-UNNAMED
23-May-2023 10:07:46.520 INFO [main] org.apache.catalina.startup.VersionLoggerListener.log Command line argument: --add-opens=java.base/java.util=ALL-UNNAMED
23-May-2023 10:07:46.536 INFO [main] org.apache.catalina.startup.VersionLoggerListener.log Command line argument: --add-opens=java.base/java.util.concurrent=ALL-UNNAMED
23-May-2023 10:07:46.536 INFO [main] org.apache.catalina.startup.VersionLoggerListener.log Command line argument: --add-opens=java.rmi/sun.rmi.transport=ALL-UNNAMED
23-May-2023 10:07:46.536 INFO [main] org.apache.catalina.startup.VersionLoggerListener.log Command line argument: -Dcatalina.base=F:\Subjects\8th sem\Project\tomcat
23-May-2023 10:07:46.536 INFO [main] org.apache.catalina.startup.VersionLoggerListener.log Command line argument: -Dcatalina.home=F:\Subjects\8th sem\Project\tomcat
23-May-2023 10:07:46.536 INFO [main] org.apache.catalina.startup.VersionLoggerListener.log Command line argument: -Djava.io.tmpdir=F:\Subjects\8th sem\Project\tomcat\temp
23-May-2023 10:07:47.005 INFO [main] org.apache.catalina.core.AprLifecycleListener.lifecycleEvent Loaded Apache Tomcat Native library [2.0.3] using APR version [1.7.2].
23-May-2023 10:07:47.021 INFO [main] org.apache.catalina.core.AprLifecycleListener.initializeSSL OpenSSL successfully initialized [OpenSSL 3.0.8 7 Feb 2023]
23-May-2023 10:07:48.224 INFO [main] org.apache.coyote.AbstractProtocol.init Initializing ProtocolHandler ["http-nio-8080"]
23-May-2023 10:07:48.334 INFO [main] org.apache.catalina.startup.Catalina.load Server initialization in [2569] milliseconds
23-May-2023 10:07:48.505 INFO [main] org.apache.catalina.core.StandardService.startInternal Starting service [Catalina]
23-May-2023 10:07:48.505 INFO [main] org.apache.catalina.core.StandardEngine.startInternal Starting Servlet engine: [Apache Tomcat/10.1.7]
23-May-2023 10:07:48.568 INFO [main] org.apache.catalina.startup.HostConfig.deployDirectory Deploying web application directory [F:\Subjects\8th sem\Project\tomcat\webapps\docs]
23-May-2023 10:08:15.413 INFO [main] org.apache.jasper.servlet.TldScanner.scanJars At least one JAR was scanned for TLDs yet contained no TLDs. Enable debug logging for this logger for a complete list of JARs that were scanned but no TLDs were found in them. Skipping unneeded JARs during scanning can improve startup time and JSP compilation time.
23-May-2023 10:08:15.945 WARNING [main] org.apache.catalina.util.SessionIdGeneratorBase.createSecureRandom Creation of SecureRandom instance for session ID generation using [SHA1PRNG] took [156] milliseconds.
23-May-2023 10:08:16.132 INFO [main] org.apache.catalina.startup.HostConfig.deployDirectory Deployment of web application directory [F:\Subjects\8th sem\Project\tomcat\webapps\docs] has finished in [27,564] ms
23-May-2023 10:08:16.132 INFO [main] org.apache.catalina.startup.HostConfig.deployDirectory Deploying web application directory [F:\Subjects\8th sem\Project\tomcat\webapps\examples]
23-May-2023 10:08:33.678 INFO [main] org.apache.jasper.servlet.TldScanner.scanJars At least one JAR was scanned for TLDs yet contained no TLDs. Enable debug logging for this logger for a complete list of JARs that were scanned but no TLDs were found in them. Skipping unneeded JARs during scanning can improve startup time and JSP compilation time.
23-May-2023 10:08:33.835 INFO [main] org.apache.catalina.startup.HostConfig.deployDirectory Deployment of web application directory [F:\Subjects\8th sem\Project\tomcat\webapps\examples] has finished in [17,703] ms
23-May-2023 10:08:33.850 INFO [main] org.apache.catalina.startup.HostConfig.deployDirectory Deploying web application directory [F:\Subjects\8th sem\Project\tomcat\webapps\fileserver]
23-May-2023 10:08:33.881 WARNING [main] org.apache.catalina.realm.CombinedRealm.setCredentialHandler A CredentialHandler was set on an instance of the CombinedRealm (or a sub-class of CombinedRealm). CombinedRealm doesn't use a configured CredentialHandler. Is this a configuration error?
23-May-2023 10:08:37.460 WARNING [main] org.apache.catalina.startup.ContextConfig.validateSecurityRoles Security role name [fuser] used in an <auth-constraint> without being defined in a <security-role>
23-May-2023 10:08:37.460 WARNING [main] org.apache.catalina.startup.ContextConfig.validateSecurityRoles Security role name [fadmin] used in an <auth-constraint> without being defined in a <security-role>
23-May-2023 10:08:37.850 INFO [main] org.apache.jasper.servlet.TldScanner.scanJars At least one JAR was scanned for TLDs yet contained no TLDs. Enable debug logging for this logger for a complete list of JARs that were scanned but no TLDs were found in them. Skipping unneeded JARs during scanning can improve startup time and JSP compilation time.
23-May-2023 10:08:38.022 INFO [main] org.apache.catalina.startup.HostConfig.deployDirectory Deployment of web application directory [F:\Subjects\8th sem\Project\tomcat\webapps\fileserver] has finished in [4,172] ms
23-May-2023 10:08:38.022 INFO [main] org.apache.catalina.startup.HostConfig.deployDirectory Deploying web application directory [F:\Subjects\8th sem\Project\tomcat\webapps\host-manager]
23-May-2023 10:08:53.383 INFO [main] org.apache.jasper.servlet.TldScanner.scanJars At least one JAR was scanned for TLDs yet contained no TLDs. Enable debug logging for this logger for a complete list of JARs that were scanned but no TLDs were found in them. Skipping unneeded JARs during scanning can improve startup time and JSP compilation time.
23-May-2023 10:08:53.414 INFO [main] org.apache.catalina.startup.HostConfig.deployDirectory Deployment of web application directory [F:\Subjects\8th sem\Project\tomcat\webapps\host-manager] has finished in [15,392] ms
23-May-2023 10:08:53.414 INFO [main] org.apache.catalina.startup.HostConfig.deployDirectory Deploying web application directory [F:\Subjects\8th sem\Project\tomcat\webapps\manager]
23-May-2023 10:09:08.431 INFO [main] org.apache.jasper.servlet.TldScanner.scanJars At least one JAR was scanned for TLDs yet contained no TLDs. Enable debug logging for this logger for a complete list of JARs that were scanned but no TLDs were found in them. Skipping unneeded JARs during scanning can improve startup time and JSP compilation time.
23-May-2023 10:09:08.431 INFO [main] org.apache.catalina.startup.HostConfig.deployDirectory Deployment of web application directory [F:\Subjects\8th sem\Project\tomcat\webapps\manager] has finished in [15,017] ms
23-May-2023 10:09:08.431 INFO [main] org.apache.catalina.startup.HostConfig.deployDirectory Deploying web application directory [F:\Subjects\8th sem\Project\tomcat\webapps\ROOT]
23-May-2023 10:09:23.447 INFO [main] org.apache.jasper.servlet.TldScanner.scanJars At least one JAR was scanned for TLDs yet contained no TLDs. Enable debug logging for this logger for a complete list of JARs that were scanned but no TLDs were found in them. Skipping unneeded JARs during scanning can improve startup time and JSP compilation time.
23-May-2023 10:09:23.463 INFO [main] org.apache.catalina.startup.HostConfig.deployDirectory Deployment of web application directory [F:\Subjects\8th sem\Project\tomcat\webapps\ROOT] has finished in [15,032] ms
23-May-2023 10:09:23.463 INFO [main] org.apache.coyote.AbstractProtocol.start Starting ProtocolHandler ["http-nio-8080"]
23-May-2023 10:09:23.744 INFO [main] org.apache.catalina.startup.Catalina.start Server startup in [95404] milliseconds
23-May-2023 10:14:36.688 INFO [main] org.apache.catalina.core.StandardServer.await A valid shutdown command was received via the shutdown port. Stopping the Server instance.
23-May-2023 10:14:36.688 INFO [main] org.apache.coyote.AbstractProtocol.pause Pausing ProtocolHandler ["http-nio-8080"]
23-May-2023 10:14:36.740 INFO [main] org.apache.catalina.core.StandardService.stopInternal Stopping service [Catalina]
23-May-2023 10:14:36.866 WARNING [main] org.apache.catalina.loader.WebappClassLoaderBase.clearReferencesJdbc The web application [fileserver] registered the JDBC driver [org.postgresql.Driver] but failed to unregister it when the web application was stopped. To prevent a memory leak, the JDBC Driver has been forcibly unregistered.
23-May-2023 10:14:36.903 INFO [main] org.apache.coyote.AbstractProtocol.stop Stopping ProtocolHandler ["http-nio-8080"]
23-May-2023 10:14:36.935 INFO [main] org.apache.coyote.AbstractProtocol.destroy Destroying ProtocolHandler ["http-nio-8080"]
23-May-2023 10:14:45.883 WARNING [main] org.apache.tomcat.util.digester.SetPropertiesRule.begin Match [Server/Service/Connector] failed to set property [maxPostSize] to [134217728000]
23-May-2023 10:14:46.072 INFO [main] org.apache.catalina.startup.VersionLoggerListener.log Server version name:   Apache Tomcat/10.1.7
23-May-2023 10:14:46.087 INFO [main] org.apache.catalina.startup.VersionLoggerListener.log Server built:          Feb 27 2023 20:25:27 UTC
23-May-2023 10:14:46.087 INFO [main] org.apache.catalina.startup.VersionLoggerListener.log Server version number: 10.1.7.0
23-May-2023 10:14:46.087 INFO [main] org.apache.catalina.startup.VersionLoggerListener.log OS Name:               Windows 10
23-May-2023 10:14:46.087 INFO [main] org.apache.catalina.startup.VersionLoggerListener.log OS Version:            10.0
23-May-2023 10:14:46.087 INFO [main] org.apache.catalina.startup.VersionLoggerListener.log Architecture:          amd64
23-May-2023 10:14:46.087 INFO [main] org.apache.catalina.startup.VersionLoggerListener.log Java Home:             C:\Program Files\Java\jdk-19
23-May-2023 10:14:46.087 INFO [main] org.apache.catalina.startup.VersionLoggerListener.log JVM Version:           19.0.2+7-44
23-May-2023 10:14:46.087 INFO [main] org.apache.catalina.startup.VersionLoggerListener.log JVM Vendor:            Oracle Corporation
23-May-2023 10:14:46.087 INFO [main] org.apache.catalina.startup.VersionLoggerListener.log CATALINA_BASE:         F:\Subjects\8th sem\Project\tomcat
23-May-2023 10:14:46.103 INFO [main] org.apache.catalina.startup.VersionLoggerListener.log CATALINA_HOME:         F:\Subjects\8th sem\Project\tomcat
23-May-2023 10:14:46.103 INFO [main] org.apache.catalina.startup.VersionLoggerListener.log Command line argument: -Djava.util.logging.config.file=F:\Subjects\8th sem\Project\tomcat\conf\logging.properties
23-May-2023 10:14:46.103 INFO [main] org.apache.catalina.startup.VersionLoggerListener.log Command line argument: -Djava.util.logging.manager=org.apache.juli.ClassLoaderLogManager
23-May-2023 10:14:46.103 INFO [main] org.apache.catalina.startup.VersionLoggerListener.log Command line argument: -Djdk.tls.ephemeralDHKeySize=2048
23-May-2023 10:14:46.119 INFO [main] org.apache.catalina.startup.VersionLoggerListener.log Command line argument: -Djava.protocol.handler.pkgs=org.apache.catalina.webresources
23-May-2023 10:14:46.119 INFO [main] org.apache.catalina.startup.VersionLoggerListener.log Command line argument: --add-opens=java.base/java.lang=ALL-UNNAMED
23-May-2023 10:14:46.119 INFO [main] org.apache.catalina.startup.VersionLoggerListener.log Command line argument: --add-opens=java.base/java.io=ALL-UNNAMED
23-May-2023 10:14:46.119 INFO [main] org.apache.catalina.startup.VersionLoggerListener.log Command line argument: --add-opens=java.base/java.util=ALL-UNNAMED
23-May-2023 10:14:46.134 INFO [main] org.apache.catalina.startup.VersionLoggerListener.log Command line argument: --add-opens=java.base/java.util.concurrent=ALL-UNNAMED
23-May-2023 10:14:46.134 INFO [main] org.apache.catalina.startup.VersionLoggerListener.log Command line argument: --add-opens=java.rmi/sun.rmi.transport=ALL-UNNAMED
23-May-2023 10:14:46.134 INFO [main] org.apache.catalina.startup.VersionLoggerListener.log Command line argument: -Dcatalina.base=F:\Subjects\8th sem\Project\tomcat
23-May-2023 10:14:46.134 INFO [main] org.apache.catalina.startup.VersionLoggerListener.log Command line argument: -Dcatalina.home=F:\Subjects\8th sem\Project\tomcat
23-May-2023 10:14:46.134 INFO [main] org.apache.catalina.startup.VersionLoggerListener.log Command line argument: -Djava.io.tmpdir=F:\Subjects\8th sem\Project\tomcat\temp
23-May-2023 10:14:46.150 INFO [main] org.apache.catalina.core.AprLifecycleListener.lifecycleEvent Loaded Apache Tomcat Native library [2.0.3] using APR version [1.7.2].
23-May-2023 10:14:46.174 INFO [main] org.apache.catalina.core.AprLifecycleListener.initializeSSL OpenSSL successfully initialized [OpenSSL 3.0.8 7 Feb 2023]
23-May-2023 10:14:47.321 INFO [main] org.apache.coyote.AbstractProtocol.init Initializing ProtocolHandler ["http-nio-8080"]
23-May-2023 10:14:47.412 INFO [main] org.apache.catalina.startup.Catalina.load Server initialization in [2079] milliseconds
23-May-2023 10:14:47.574 INFO [main] org.apache.catalina.core.StandardService.startInternal Starting service [Catalina]
23-May-2023 10:14:47.582 INFO [main] org.apache.catalina.core.StandardEngine.startInternal Starting Servlet engine: [Apache Tomcat/10.1.7]
23-May-2023 10:14:47.624 INFO [main] org.apache.catalina.startup.HostConfig.deployDirectory Deploying web application directory [F:\Subjects\8th sem\Project\tomcat\webapps\docs]
23-May-2023 10:15:06.860 INFO [main] org.apache.jasper.servlet.TldScanner.scanJars At least one JAR was scanned for TLDs yet contained no TLDs. Enable debug logging for this logger for a complete list of JARs that were scanned but no TLDs were found in them. Skipping unneeded JARs during scanning can improve startup time and JSP compilation time.
23-May-2023 10:15:07.093 INFO [main] org.apache.catalina.startup.HostConfig.deployDirectory Deployment of web application directory [F:\Subjects\8th sem\Project\tomcat\webapps\docs] has finished in [19,469] ms
23-May-2023 10:15:07.101 INFO [main] org.apache.catalina.startup.HostConfig.deployDirectory Deploying web application directory [F:\Subjects\8th sem\Project\tomcat\webapps\examples]
23-May-2023 10:15:23.274 INFO [main] org.apache.jasper.servlet.TldScanner.scanJars At least one JAR was scanned for TLDs yet contained no TLDs. Enable debug logging for this logger for a complete list of JARs that were scanned but no TLDs were found in them. Skipping unneeded JARs during scanning can improve startup time and JSP compilation time.
23-May-2023 10:15:23.436 INFO [main] org.apache.catalina.startup.HostConfig.deployDirectory Deployment of web application directory [F:\Subjects\8th sem\Project\tomcat\webapps\examples] has finished in [16,335] ms
23-May-2023 10:15:23.446 INFO [main] org.apache.catalina.startup.HostConfig.deployDirectory Deploying web application directory [F:\Subjects\8th sem\Project\tomcat\webapps\fileserver]
23-May-2023 10:15:23.476 WARNING [main] org.apache.catalina.realm.CombinedRealm.setCredentialHandler A CredentialHandler was set on an instance of the CombinedRealm (or a sub-class of CombinedRealm). CombinedRealm doesn't use a configured CredentialHandler. Is this a configuration error?
23-May-2023 10:15:26.275 WARNING [main] org.apache.catalina.startup.ContextConfig.validateSecurityRoles Security role name [fadmin] used in an <auth-constraint> without being defined in a <security-role>
23-May-2023 10:15:26.275 WARNING [main] org.apache.catalina.startup.ContextConfig.validateSecurityRoles Security role name [fuser] used in an <auth-constraint> without being defined in a <security-role>
23-May-2023 10:15:26.507 INFO [main] org.apache.jasper.servlet.TldScanner.scanJars At least one JAR was scanned for TLDs yet contained no TLDs. Enable debug logging for this logger for a complete list of JARs that were scanned but no TLDs were found in them. Skipping unneeded JARs during scanning can improve startup time and JSP compilation time.
23-May-2023 10:15:26.529 INFO [main] org.apache.catalina.startup.HostConfig.deployDirectory Deployment of web application directory [F:\Subjects\8th sem\Project\tomcat\webapps\fileserver] has finished in [3,083] ms
23-May-2023 10:15:26.529 INFO [main] org.apache.catalina.startup.HostConfig.deployDirectory Deploying web application directory [F:\Subjects\8th sem\Project\tomcat\webapps\host-manager]
23-May-2023 10:15:41.870 INFO [main] org.apache.jasper.servlet.TldScanner.scanJars At least one JAR was scanned for TLDs yet contained no TLDs. Enable debug logging for this logger for a complete list of JARs that were scanned but no TLDs were found in them. Skipping unneeded JARs during scanning can improve startup time and JSP compilation time.
23-May-2023 10:15:41.901 INFO [main] org.apache.catalina.startup.HostConfig.deployDirectory Deployment of web application directory [F:\Subjects\8th sem\Project\tomcat\webapps\host-manager] has finished in [15,372] ms
23-May-2023 10:15:41.901 INFO [main] org.apache.catalina.startup.HostConfig.deployDirectory Deploying web application directory [F:\Subjects\8th sem\Project\tomcat\webapps\manager]
23-May-2023 10:15:56.857 INFO [main] org.apache.jasper.servlet.TldScanner.scanJars At least one JAR was scanned for TLDs yet contained no TLDs. Enable debug logging for this logger for a complete list of JARs that were scanned but no TLDs were found in them. Skipping unneeded JARs during scanning can improve startup time and JSP compilation time.
23-May-2023 10:15:56.873 INFO [main] org.apache.catalina.startup.HostConfig.deployDirectory Deployment of web application directory [F:\Subjects\8th sem\Project\tomcat\webapps\manager] has finished in [14,972] ms
23-May-2023 10:15:56.873 INFO [main] org.apache.catalina.startup.HostConfig.deployDirectory Deploying web application directory [F:\Subjects\8th sem\Project\tomcat\webapps\ROOT]
23-May-2023 10:16:11.243 INFO [main] org.apache.jasper.servlet.TldScanner.scanJars At least one JAR was scanned for TLDs yet contained no TLDs. Enable debug logging for this logger for a complete list of JARs that were scanned but no TLDs were found in them. Skipping unneeded JARs during scanning can improve startup time and JSP compilation time.
23-May-2023 10:16:11.263 INFO [main] org.apache.catalina.startup.HostConfig.deployDirectory Deployment of web application directory [F:\Subjects\8th sem\Project\tomcat\webapps\ROOT] has finished in [14,388] ms
23-May-2023 10:16:11.271 INFO [main] org.apache.coyote.AbstractProtocol.start Starting ProtocolHandler ["http-nio-8080"]
23-May-2023 10:16:11.566 INFO [main] org.apache.catalina.startup.Catalina.start Server startup in [84142] milliseconds
23-May-2023 11:02:07.161 INFO [Thread-1] org.apache.coyote.AbstractProtocol.pause Pausing ProtocolHandler ["http-nio-8080"]
23-May-2023 11:02:07.192 INFO [Thread-1] org.apache.catalina.core.StandardService.stopInternal Stopping service [Catalina]
23-May-2023 11:02:07.254 WARNING [Thread-1] org.apache.catalina.loader.WebappClassLoaderBase.clearReferencesJdbc The web application [fileserver] registered the JDBC driver [org.postgresql.Driver] but failed to unregister it when the web application was stopped. To prevent a memory leak, the JDBC Driver has been forcibly unregistered.
23-May-2023 11:02:07.285 INFO [Thread-1] org.apache.coyote.AbstractProtocol.stop Stopping ProtocolHandler ["http-nio-8080"]
23-May-2023 11:02:07.310 INFO [Thread-1] org.apache.coyote.AbstractProtocol.destroy Destroying ProtocolHandler ["http-nio-8080"]
23-May-2023 11:03:07.790 SEVERE [main] org.apache.catalina.startup.Catalina.stopServer Could not contact [localhost:8005] (base port [8005] and offset [0]). Tomcat may not be running.
23-May-2023 11:03:07.812 SEVERE [main] org.apache.catalina.startup.Catalina.stopServer Error stopping Catalina
	java.net.ConnectException: Connection refused: connect
		at java.base/sun.nio.ch.Net.connect0(Native Method)
		at java.base/sun.nio.ch.Net.connect(Net.java:579)
		at java.base/sun.nio.ch.Net.connect(Net.java:568)
		at java.base/sun.nio.ch.NioSocketImpl.connect(NioSocketImpl.java:576)
		at java.base/java.net.SocksSocketImpl.connect(SocksSocketImpl.java:327)
		at java.base/java.net.Socket.connect(Socket.java:666)
		at java.base/java.net.Socket.connect(Socket.java:600)
		at java.base/java.net.Socket.<init>(Socket.java:509)
		at java.base/java.net.Socket.<init>(Socket.java:289)
		at org.apache.catalina.startup.Catalina.stopServer(Catalina.java:692)
		at java.base/jdk.internal.reflect.DirectMethodHandleAccessor.invoke(DirectMethodHandleAccessor.java:104)
		at java.base/java.lang.reflect.Method.invoke(Method.java:578)
		at org.apache.catalina.startup.Bootstrap.stopServer(Bootstrap.java:393)
		at org.apache.catalina.startup.Bootstrap.main(Bootstrap.java:483)
23-May-2023 11:03:14.888 WARNING [main] org.apache.tomcat.util.digester.SetPropertiesRule.begin Match [Server/Service/Connector] failed to set property [maxPostSize] to [134217728000]
23-May-2023 11:03:15.107 INFO [main] org.apache.catalina.startup.VersionLoggerListener.log Server version name:   Apache Tomcat/10.1.7
23-May-2023 11:03:15.107 INFO [main] org.apache.catalina.startup.VersionLoggerListener.log Server built:          Feb 27 2023 20:25:27 UTC
23-May-2023 11:03:15.107 INFO [main] org.apache.catalina.startup.VersionLoggerListener.log Server version number: 10.1.7.0
23-May-2023 11:03:15.107 INFO [main] org.apache.catalina.startup.VersionLoggerListener.log OS Name:               Windows 10
23-May-2023 11:03:15.107 INFO [main] org.apache.catalina.startup.VersionLoggerListener.log OS Version:            10.0
23-May-2023 11:03:15.107 INFO [main] org.apache.catalina.startup.VersionLoggerListener.log Architecture:          amd64
23-May-2023 11:03:15.107 INFO [main] org.apache.catalina.startup.VersionLoggerListener.log Java Home:             C:\Program Files\Java\jdk-19
23-May-2023 11:03:15.107 INFO [main] org.apache.catalina.startup.VersionLoggerListener.log JVM Version:           19.0.2+7-44
23-May-2023 11:03:15.107 INFO [main] org.apache.catalina.startup.VersionLoggerListener.log JVM Vendor:            Oracle Corporation
23-May-2023 11:03:15.122 INFO [main] org.apache.catalina.startup.VersionLoggerListener.log CATALINA_BASE:         F:\Subjects\8th sem\Project\tomcat
23-May-2023 11:03:15.122 INFO [main] org.apache.catalina.startup.VersionLoggerListener.log CATALINA_HOME:         F:\Subjects\8th sem\Project\tomcat
23-May-2023 11:03:15.122 INFO [main] org.apache.catalina.startup.VersionLoggerListener.log Command line argument: -Djava.util.logging.config.file=F:\Subjects\8th sem\Project\tomcat\conf\logging.properties
23-May-2023 11:03:15.122 INFO [main] org.apache.catalina.startup.VersionLoggerListener.log Command line argument: -Djava.util.logging.manager=org.apache.juli.ClassLoaderLogManager
23-May-2023 11:03:15.122 INFO [main] org.apache.catalina.startup.VersionLoggerListener.log Command line argument: -Djdk.tls.ephemeralDHKeySize=2048
23-May-2023 11:03:15.122 INFO [main] org.apache.catalina.startup.VersionLoggerListener.log Command line argument: -Djava.protocol.handler.pkgs=org.apache.catalina.webresources
23-May-2023 11:03:15.122 INFO [main] org.apache.catalina.startup.VersionLoggerListener.log Command line argument: --add-opens=java.base/java.lang=ALL-UNNAMED
23-May-2023 11:03:15.138 INFO [main] org.apache.catalina.startup.VersionLoggerListener.log Command line argument: --add-opens=java.base/java.io=ALL-UNNAMED
23-May-2023 11:03:15.138 INFO [main] org.apache.catalina.startup.VersionLoggerListener.log Command line argument: --add-opens=java.base/java.util=ALL-UNNAMED
23-May-2023 11:03:15.138 INFO [main] org.apache.catalina.startup.VersionLoggerListener.log Command line argument: --add-opens=java.base/java.util.concurrent=ALL-UNNAMED
23-May-2023 11:03:15.154 INFO [main] org.apache.catalina.startup.VersionLoggerListener.log Command line argument: --add-opens=java.rmi/sun.rmi.transport=ALL-UNNAMED
23-May-2023 11:03:15.154 INFO [main] org.apache.catalina.startup.VersionLoggerListener.log Command line argument: -Dcatalina.base=F:\Subjects\8th sem\Project\tomcat
23-May-2023 11:03:15.154 INFO [main] org.apache.catalina.startup.VersionLoggerListener.log Command line argument: -Dcatalina.home=F:\Subjects\8th sem\Project\tomcat
23-May-2023 11:03:15.154 INFO [main] org.apache.catalina.startup.VersionLoggerListener.log Command line argument: -Djava.io.tmpdir=F:\Subjects\8th sem\Project\tomcat\temp
23-May-2023 11:03:15.169 INFO [main] org.apache.catalina.core.AprLifecycleListener.lifecycleEvent Loaded Apache Tomcat Native library [2.0.3] using APR version [1.7.2].
23-May-2023 11:03:15.185 INFO [main] org.apache.catalina.core.AprLifecycleListener.initializeSSL OpenSSL successfully initialized [OpenSSL 3.0.8 7 Feb 2023]
23-May-2023 11:03:16.263 INFO [main] org.apache.coyote.AbstractProtocol.init Initializing ProtocolHandler ["http-nio-8080"]
23-May-2023 11:03:16.341 INFO [main] org.apache.catalina.startup.Catalina.load Server initialization in [1928] milliseconds
23-May-2023 11:03:16.498 INFO [main] org.apache.catalina.core.StandardService.startInternal Starting service [Catalina]
23-May-2023 11:03:16.498 INFO [main] org.apache.catalina.core.StandardEngine.startInternal Starting Servlet engine: [Apache Tomcat/10.1.7]
23-May-2023 11:03:16.544 INFO [main] org.apache.catalina.startup.HostConfig.deployDirectory Deploying web application directory [F:\Subjects\8th sem\Project\tomcat\webapps\docs]
23-May-2023 11:03:35.108 INFO [main] org.apache.jasper.servlet.TldScanner.scanJars At least one JAR was scanned for TLDs yet contained no TLDs. Enable debug logging for this logger for a complete list of JARs that were scanned but no TLDs were found in them. Skipping unneeded JARs during scanning can improve startup time and JSP compilation time.
23-May-2023 11:03:35.327 INFO [main] org.apache.catalina.startup.HostConfig.deployDirectory Deployment of web application directory [F:\Subjects\8th sem\Project\tomcat\webapps\docs] has finished in [18,783] ms
23-May-2023 11:03:35.343 INFO [main] org.apache.catalina.startup.HostConfig.deployDirectory Deploying web application directory [F:\Subjects\8th sem\Project\tomcat\webapps\examples]
23-May-2023 11:03:50.687 INFO [main] org.apache.jasper.servlet.TldScanner.scanJars At least one JAR was scanned for TLDs yet contained no TLDs. Enable debug logging for this logger for a complete list of JARs that were scanned but no TLDs were found in them. Skipping unneeded JARs during scanning can improve startup time and JSP compilation time.
23-May-2023 11:03:50.859 INFO [main] org.apache.catalina.startup.HostConfig.deployDirectory Deployment of web application directory [F:\Subjects\8th sem\Project\tomcat\webapps\examples] has finished in [15,516] ms
23-May-2023 11:03:50.859 INFO [main] org.apache.catalina.startup.HostConfig.deployDirectory Deploying web application directory [F:\Subjects\8th sem\Project\tomcat\webapps\fileserver]
23-May-2023 11:03:50.875 WARNING [main] org.apache.catalina.realm.CombinedRealm.setCredentialHandler A CredentialHandler was set on an instance of the CombinedRealm (or a sub-class of CombinedRealm). CombinedRealm doesn't use a configured CredentialHandler. Is this a configuration error?
23-May-2023 11:03:53.672 WARNING [main] org.apache.catalina.startup.ContextConfig.validateSecurityRoles Security role name [fuser] used in an <auth-constraint> without being defined in a <security-role>
23-May-2023 11:03:53.672 WARNING [main] org.apache.catalina.startup.ContextConfig.validateSecurityRoles Security role name [fadmin] used in an <auth-constraint> without being defined in a <security-role>
23-May-2023 11:03:53.891 INFO [main] org.apache.jasper.servlet.TldScanner.scanJars At least one JAR was scanned for TLDs yet contained no TLDs. Enable debug logging for this logger for a complete list of JARs that were scanned but no TLDs were found in them. Skipping unneeded JARs during scanning can improve startup time and JSP compilation time.
23-May-2023 11:03:53.906 INFO [main] org.apache.catalina.startup.HostConfig.deployDirectory Deployment of web application directory [F:\Subjects\8th sem\Project\tomcat\webapps\fileserver] has finished in [3,047] ms
23-May-2023 11:03:53.906 INFO [main] org.apache.catalina.startup.HostConfig.deployDirectory Deploying web application directory [F:\Subjects\8th sem\Project\tomcat\webapps\host-manager]
23-May-2023 11:04:07.845 INFO [main] org.apache.jasper.servlet.TldScanner.scanJars At least one JAR was scanned for TLDs yet contained no TLDs. Enable debug logging for this logger for a complete list of JARs that were scanned but no TLDs were found in them. Skipping unneeded JARs during scanning can improve startup time and JSP compilation time.
23-May-2023 11:04:07.860 INFO [main] org.apache.catalina.startup.HostConfig.deployDirectory Deployment of web application directory [F:\Subjects\8th sem\Project\tomcat\webapps\host-manager] has finished in [13,954] ms
23-May-2023 11:04:07.860 INFO [main] org.apache.catalina.startup.HostConfig.deployDirectory Deploying web application directory [F:\Subjects\8th sem\Project\tomcat\webapps\manager]
23-May-2023 11:04:21.924 INFO [main] org.apache.jasper.servlet.TldScanner.scanJars At least one JAR was scanned for TLDs yet contained no TLDs. Enable debug logging for this logger for a complete list of JARs that were scanned but no TLDs were found in them. Skipping unneeded JARs during scanning can improve startup time and JSP compilation time.
23-May-2023 11:04:21.939 INFO [main] org.apache.catalina.startup.HostConfig.deployDirectory Deployment of web application directory [F:\Subjects\8th sem\Project\tomcat\webapps\manager] has finished in [14,079] ms
23-May-2023 11:04:21.939 INFO [main] org.apache.catalina.startup.HostConfig.deployDirectory Deploying web application directory [F:\Subjects\8th sem\Project\tomcat\webapps\ROOT]
23-May-2023 11:04:35.534 INFO [main] org.apache.jasper.servlet.TldScanner.scanJars At least one JAR was scanned for TLDs yet contained no TLDs. Enable debug logging for this logger for a complete list of JARs that were scanned but no TLDs were found in them. Skipping unneeded JARs during scanning can improve startup time and JSP compilation time.
23-May-2023 11:04:35.550 INFO [main] org.apache.catalina.startup.HostConfig.deployDirectory Deployment of web application directory [F:\Subjects\8th sem\Project\tomcat\webapps\ROOT] has finished in [13,611] ms
23-May-2023 11:04:35.565 INFO [main] org.apache.coyote.AbstractProtocol.start Starting ProtocolHandler ["http-nio-8080"]
23-May-2023 11:04:35.681 INFO [main] org.apache.catalina.startup.Catalina.start Server startup in [79323] milliseconds
23-May-2023 11:41:31.252 INFO [Thread-1] org.apache.coyote.AbstractProtocol.pause Pausing ProtocolHandler ["http-nio-8080"]
23-May-2023 11:41:31.267 INFO [Thread-1] org.apache.catalina.core.StandardService.stopInternal Stopping service [Catalina]
23-May-2023 11:41:31.356 WARNING [Thread-1] org.apache.catalina.loader.WebappClassLoaderBase.clearReferencesJdbc The web application [fileserver] registered the JDBC driver [org.postgresql.Driver] but failed to unregister it when the web application was stopped. To prevent a memory leak, the JDBC Driver has been forcibly unregistered.
23-May-2023 11:41:31.387 INFO [Thread-1] org.apache.coyote.AbstractProtocol.stop Stopping ProtocolHandler ["http-nio-8080"]
23-May-2023 11:41:31.404 INFO [Thread-1] org.apache.coyote.AbstractProtocol.destroy Destroying ProtocolHandler ["http-nio-8080"]
23-May-2023 13:33:23.783 WARNING [main] org.apache.tomcat.util.digester.SetPropertiesRule.begin Match [Server/Service/Connector] failed to set property [maxPostSize] to [134217728000]
23-May-2023 13:33:23.970 INFO [main] org.apache.catalina.startup.VersionLoggerListener.log Server version name:   Apache Tomcat/10.1.7
23-May-2023 13:33:23.970 INFO [main] org.apache.catalina.startup.VersionLoggerListener.log Server built:          Feb 27 2023 20:25:27 UTC
23-May-2023 13:33:23.970 INFO [main] org.apache.catalina.startup.VersionLoggerListener.log Server version number: 10.1.7.0
23-May-2023 13:33:23.986 INFO [main] org.apache.catalina.startup.VersionLoggerListener.log OS Name:               Windows 10
23-May-2023 13:33:23.986 INFO [main] org.apache.catalina.startup.VersionLoggerListener.log OS Version:            10.0
23-May-2023 13:33:23.986 INFO [main] org.apache.catalina.startup.VersionLoggerListener.log Architecture:          amd64
23-May-2023 13:33:23.986 INFO [main] org.apache.catalina.startup.VersionLoggerListener.log Java Home:             C:\Program Files\Java\jdk-19
23-May-2023 13:33:23.986 INFO [main] org.apache.catalina.startup.VersionLoggerListener.log JVM Version:           19.0.2+7-44
23-May-2023 13:33:23.986 INFO [main] org.apache.catalina.startup.VersionLoggerListener.log JVM Vendor:            Oracle Corporation
23-May-2023 13:33:23.986 INFO [main] org.apache.catalina.startup.VersionLoggerListener.log CATALINA_BASE:         F:\Subjects\8th sem\Project\tomcat
23-May-2023 13:33:23.986 INFO [main] org.apache.catalina.startup.VersionLoggerListener.log CATALINA_HOME:         F:\Subjects\8th sem\Project\tomcat
23-May-2023 13:33:23.986 INFO [main] org.apache.catalina.startup.VersionLoggerListener.log Command line argument: -Djava.util.logging.config.file=F:\Subjects\8th sem\Project\tomcat\conf\logging.properties
23-May-2023 13:33:23.986 INFO [main] org.apache.catalina.startup.VersionLoggerListener.log Command line argument: -Djava.util.logging.manager=org.apache.juli.ClassLoaderLogManager
23-May-2023 13:33:23.986 INFO [main] org.apache.catalina.startup.VersionLoggerListener.log Command line argument: -Djdk.tls.ephemeralDHKeySize=2048
23-May-2023 13:33:23.986 INFO [main] org.apache.catalina.startup.VersionLoggerListener.log Command line argument: -Djava.protocol.handler.pkgs=org.apache.catalina.webresources
23-May-2023 13:33:23.986 INFO [main] org.apache.catalina.startup.VersionLoggerListener.log Command line argument: --add-opens=java.base/java.lang=ALL-UNNAMED
23-May-2023 13:33:24.017 INFO [main] org.apache.catalina.startup.VersionLoggerListener.log Command line argument: --add-opens=java.base/java.io=ALL-UNNAMED
23-May-2023 13:33:24.017 INFO [main] org.apache.catalina.startup.VersionLoggerListener.log Command line argument: --add-opens=java.base/java.util=ALL-UNNAMED
23-May-2023 13:33:24.017 INFO [main] org.apache.catalina.startup.VersionLoggerListener.log Command line argument: --add-opens=java.base/java.util.concurrent=ALL-UNNAMED
23-May-2023 13:33:24.017 INFO [main] org.apache.catalina.startup.VersionLoggerListener.log Command line argument: --add-opens=java.rmi/sun.rmi.transport=ALL-UNNAMED
23-May-2023 13:33:24.033 INFO [main] org.apache.catalina.startup.VersionLoggerListener.log Command line argument: -Dcatalina.base=F:\Subjects\8th sem\Project\tomcat
23-May-2023 13:33:24.033 INFO [main] org.apache.catalina.startup.VersionLoggerListener.log Command line argument: -Dcatalina.home=F:\Subjects\8th sem\Project\tomcat
23-May-2023 13:33:24.033 INFO [main] org.apache.catalina.startup.VersionLoggerListener.log Command line argument: -Djava.io.tmpdir=F:\Subjects\8th sem\Project\tomcat\temp
23-May-2023 13:33:24.049 INFO [main] org.apache.catalina.core.AprLifecycleListener.lifecycleEvent Loaded Apache Tomcat Native library [2.0.3] using APR version [1.7.2].
23-May-2023 13:33:24.064 INFO [main] org.apache.catalina.core.AprLifecycleListener.initializeSSL OpenSSL successfully initialized [OpenSSL 3.0.8 7 Feb 2023]
23-May-2023 13:33:25.111 INFO [main] org.apache.coyote.AbstractProtocol.init Initializing ProtocolHandler ["http-nio-8080"]
23-May-2023 13:33:25.189 INFO [main] org.apache.catalina.startup.Catalina.load Server initialization in [1857] milliseconds
23-May-2023 13:33:25.361 INFO [main] org.apache.catalina.core.StandardService.startInternal Starting service [Catalina]
23-May-2023 13:33:25.361 INFO [main] org.apache.catalina.core.StandardEngine.startInternal Starting Servlet engine: [Apache Tomcat/10.1.7]
23-May-2023 13:33:25.408 INFO [main] org.apache.catalina.startup.HostConfig.deployDirectory Deploying web application directory [F:\Subjects\8th sem\Project\tomcat\webapps\docs]
23-May-2023 13:33:45.853 INFO [main] org.apache.jasper.servlet.TldScanner.scanJars At least one JAR was scanned for TLDs yet contained no TLDs. Enable debug logging for this logger for a complete list of JARs that were scanned but no TLDs were found in them. Skipping unneeded JARs during scanning can improve startup time and JSP compilation time.
23-May-2023 13:33:46.181 WARNING [main] org.apache.catalina.util.SessionIdGeneratorBase.createSecureRandom Creation of SecureRandom instance for session ID generation using [SHA1PRNG] took [109] milliseconds.
23-May-2023 13:33:46.338 INFO [main] org.apache.catalina.startup.HostConfig.deployDirectory Deployment of web application directory [F:\Subjects\8th sem\Project\tomcat\webapps\docs] has finished in [20,930] ms
23-May-2023 13:33:46.353 INFO [main] org.apache.catalina.startup.HostConfig.deployDirectory Deploying web application directory [F:\Subjects\8th sem\Project\tomcat\webapps\examples]
23-May-2023 13:34:09.101 INFO [main] org.apache.jasper.servlet.TldScanner.scanJars At least one JAR was scanned for TLDs yet contained no TLDs. Enable debug logging for this logger for a complete list of JARs that were scanned but no TLDs were found in them. Skipping unneeded JARs during scanning can improve startup time and JSP compilation time.
23-May-2023 13:34:09.630 INFO [main] org.apache.catalina.startup.HostConfig.deployDirectory Deployment of web application directory [F:\Subjects\8th sem\Project\tomcat\webapps\examples] has finished in [23,277] ms
23-May-2023 13:34:09.631 INFO [main] org.apache.catalina.startup.HostConfig.deployDirectory Deploying web application directory [F:\Subjects\8th sem\Project\tomcat\webapps\fileserver]
23-May-2023 13:34:09.652 WARNING [main] org.apache.catalina.realm.CombinedRealm.setCredentialHandler A CredentialHandler was set on an instance of the CombinedRealm (or a sub-class of CombinedRealm). CombinedRealm doesn't use a configured CredentialHandler. Is this a configuration error?
23-May-2023 13:34:15.453 WARNING [main] org.apache.catalina.startup.ContextConfig.validateSecurityRoles Security role name [fadmin] used in an <auth-constraint> without being defined in a <security-role>
23-May-2023 13:34:15.453 WARNING [main] org.apache.catalina.startup.ContextConfig.validateSecurityRoles Security role name [fuser] used in an <auth-constraint> without being defined in a <security-role>
23-May-2023 13:34:15.842 INFO [main] org.apache.jasper.servlet.TldScanner.scanJars At least one JAR was scanned for TLDs yet contained no TLDs. Enable debug logging for this logger for a complete list of JARs that were scanned but no TLDs were found in them. Skipping unneeded JARs during scanning can improve startup time and JSP compilation time.
23-May-2023 13:34:15.944 INFO [main] org.apache.catalina.startup.HostConfig.deployDirectory Deployment of web application directory [F:\Subjects\8th sem\Project\tomcat\webapps\fileserver] has finished in [6,313] ms
23-May-2023 13:34:15.944 INFO [main] org.apache.catalina.startup.HostConfig.deployDirectory Deploying web application directory [F:\Subjects\8th sem\Project\tomcat\webapps\host-manager]
23-May-2023 13:34:33.385 INFO [main] org.apache.jasper.servlet.TldScanner.scanJars At least one JAR was scanned for TLDs yet contained no TLDs. Enable debug logging for this logger for a complete list of JARs that were scanned but no TLDs were found in them. Skipping unneeded JARs during scanning can improve startup time and JSP compilation time.
23-May-2023 13:34:33.439 INFO [main] org.apache.catalina.startup.HostConfig.deployDirectory Deployment of web application directory [F:\Subjects\8th sem\Project\tomcat\webapps\host-manager] has finished in [17,495] ms
23-May-2023 13:34:33.454 INFO [main] org.apache.catalina.startup.HostConfig.deployDirectory Deploying web application directory [F:\Subjects\8th sem\Project\tomcat\webapps\manager]
23-May-2023 13:34:49.506 INFO [main] org.apache.jasper.servlet.TldScanner.scanJars At least one JAR was scanned for TLDs yet contained no TLDs. Enable debug logging for this logger for a complete list of JARs that were scanned but no TLDs were found in them. Skipping unneeded JARs during scanning can improve startup time and JSP compilation time.
23-May-2023 13:34:49.522 INFO [main] org.apache.catalina.startup.HostConfig.deployDirectory Deployment of web application directory [F:\Subjects\8th sem\Project\tomcat\webapps\manager] has finished in [16,068] ms
23-May-2023 13:34:49.522 INFO [main] org.apache.catalina.startup.HostConfig.deployDirectory Deploying web application directory [F:\Subjects\8th sem\Project\tomcat\webapps\ROOT]
23-May-2023 13:35:05.625 INFO [main] org.apache.jasper.servlet.TldScanner.scanJars At least one JAR was scanned for TLDs yet contained no TLDs. Enable debug logging for this logger for a complete list of JARs that were scanned but no TLDs were found in them. Skipping unneeded JARs during scanning can improve startup time and JSP compilation time.
23-May-2023 13:35:05.656 INFO [main] org.apache.catalina.startup.HostConfig.deployDirectory Deployment of web application directory [F:\Subjects\8th sem\Project\tomcat\webapps\ROOT] has finished in [16,134] ms
23-May-2023 13:35:05.656 INFO [main] org.apache.coyote.AbstractProtocol.start Starting ProtocolHandler ["http-nio-8080"]
23-May-2023 13:35:05.925 INFO [main] org.apache.catalina.startup.Catalina.start Server startup in [100727] milliseconds
23-May-2023 14:10:08.219 INFO [Thread-1] org.apache.coyote.AbstractProtocol.pause Pausing ProtocolHandler ["http-nio-8080"]
23-May-2023 14:10:08.251 INFO [Thread-1] org.apache.catalina.core.StandardService.stopInternal Stopping service [Catalina]
23-May-2023 14:10:08.364 WARNING [Thread-1] org.apache.catalina.loader.WebappClassLoaderBase.clearReferencesJdbc The web application [fileserver] registered the JDBC driver [org.postgresql.Driver] but failed to unregister it when the web application was stopped. To prevent a memory leak, the JDBC Driver has been forcibly unregistered.
23-May-2023 14:10:08.411 INFO [Thread-1] org.apache.coyote.AbstractProtocol.stop Stopping ProtocolHandler ["http-nio-8080"]
23-May-2023 14:10:08.427 INFO [Thread-1] org.apache.coyote.AbstractProtocol.destroy Destroying ProtocolHandler ["http-nio-8080"]
