23-May-2023 10:08:33.803 INFO [main] org.apache.catalina.core.ApplicationContext.log ContextListener: contextInitialized()
23-May-2023 10:08:33.803 INFO [main] org.apache.catalina.core.ApplicationContext.log SessionListener: contextInitialized()
23-May-2023 10:08:33.803 INFO [main] org.apache.catalina.core.ApplicationContext.log ContextListener: attributeAdded('StockTicker', 'async.Stockticker@ebd4486')
23-May-2023 10:14:36.820 INFO [main] org.apache.catalina.core.ApplicationContext.log SessionListener: contextDestroyed()
23-May-2023 10:14:36.820 INFO [main] org.apache.catalina.core.ApplicationContext.log ContextListener: contextDestroyed()
23-May-2023 10:15:23.395 INFO [main] org.apache.catalina.core.ApplicationContext.log ContextListener: contextInitialized()
23-May-2023 10:15:23.403 INFO [main] org.apache.catalina.core.ApplicationContext.log SessionListener: contextInitialized()
23-May-2023 10:15:23.405 INFO [main] org.apache.catalina.core.ApplicationContext.log ContextListener: attributeAdded('StockTicker', 'async.Stockticker@6b886e86')
23-May-2023 11:02:07.223 INFO [Thread-1] org.apache.catalina.core.ApplicationContext.log SessionListener: contextDestroyed()
23-May-2023 11:02:07.223 INFO [Thread-1] org.apache.catalina.core.ApplicationContext.log ContextListener: contextDestroyed()
23-May-2023 11:03:50.812 INFO [main] org.apache.catalina.core.ApplicationContext.log ContextListener: contextInitialized()
23-May-2023 11:03:50.812 INFO [main] org.apache.catalina.core.ApplicationContext.log SessionListener: contextInitialized()
23-May-2023 11:03:50.828 INFO [main] org.apache.catalina.core.ApplicationContext.log ContextListener: attributeAdded('StockTicker', 'async.Stockticker@ebd4486')
23-May-2023 11:26:54.678 SEVERE [http-nio-8080-exec-1] org.apache.catalina.core.StandardWrapperValve.invoke Servlet.service() for servlet [FileUpload] in context with path [/fileserver] threw exception
	java.io.IOException: org.apache.tomcat.util.http.fileupload.impl.IOFileUploadException: Processing of multipart/form-data request failed. java.io.EOFException
		at org.apache.catalina.connector.Request.parseParts(Request.java:2834)
		at org.apache.catalina.connector.Request.getParts(Request.java:2691)
		at org.apache.catalina.connector.RequestFacade.getParts(RequestFacade.java:774)
		at FileUpload.doPost(FileUpload.java:49)
		at jakarta.servlet.http.HttpServlet.service(HttpServlet.java:563)
		at jakarta.servlet.http.HttpServlet.service(HttpServlet.java:631)
		at org.apache.catalina.core.ApplicationFilterChain.internalDoFilter(ApplicationFilterChain.java:205)
		at org.apache.catalina.core.ApplicationFilterChain.doFilter(ApplicationFilterChain.java:149)
		at org.apache.tomcat.websocket.server.WsFilter.doFilter(WsFilter.java:53)
		at org.apache.catalina.core.ApplicationFilterChain.internalDoFilter(ApplicationFilterChain.java:174)
		at org.apache.catalina.core.ApplicationFilterChain.doFilter(ApplicationFilterChain.java:149)
		at org.apache.catalina.core.StandardWrapperValve.invoke(StandardWrapperValve.java:166)
		at org.apache.catalina.core.StandardContextValve.invoke(StandardContextValve.java:90)
		at org.apache.catalina.authenticator.AuthenticatorBase.invoke(AuthenticatorBase.java:493)
		at org.apache.catalina.core.StandardHostValve.invoke(StandardHostValve.java:115)
		at org.apache.catalina.valves.ErrorReportValve.invoke(ErrorReportValve.java:93)
		at org.apache.catalina.valves.AbstractAccessLogValve.invoke(AbstractAccessLogValve.java:676)
		at org.apache.catalina.core.StandardEngineValve.invoke(StandardEngineValve.java:74)
		at org.apache.catalina.connector.CoyoteAdapter.service(CoyoteAdapter.java:341)
		at org.apache.coyote.http11.Http11Processor.service(Http11Processor.java:390)
		at org.apache.coyote.AbstractProcessorLight.process(AbstractProcessorLight.java:63)
		at org.apache.coyote.AbstractProtocol$ConnectionHandler.process(AbstractProtocol.java:894)
		at org.apache.tomcat.util.net.NioEndpoint$SocketProcessor.doRun(NioEndpoint.java:1741)
		at org.apache.tomcat.util.net.SocketProcessorBase.run(SocketProcessorBase.java:52)
		at org.apache.tomcat.util.threads.ThreadPoolExecutor.runWorker(ThreadPoolExecutor.java:1191)
		at org.apache.tomcat.util.threads.ThreadPoolExecutor$Worker.run(ThreadPoolExecutor.java:659)
		at org.apache.tomcat.util.threads.TaskThread$WrappingRunnable.run(TaskThread.java:61)
		at java.base/java.lang.Thread.run(Thread.java:1589)
	Caused by: org.apache.tomcat.util.http.fileupload.impl.IOFileUploadException: Processing of multipart/form-data request failed. java.io.EOFException
		at org.apache.tomcat.util.http.fileupload.FileUploadBase.parseRequest(FileUploadBase.java:296)
		at org.apache.catalina.connector.Request.parseParts(Request.java:2790)
		... 27 more
	Caused by: org.apache.catalina.connector.ClientAbortException: java.io.EOFException
		at org.apache.catalina.connector.InputBuffer.realReadBytes(InputBuffer.java:318)
		at org.apache.catalina.connector.InputBuffer.checkByteBufferEof(InputBuffer.java:596)
		at org.apache.catalina.connector.InputBuffer.read(InputBuffer.java:336)
		at org.apache.catalina.connector.CoyoteInputStream.read(CoyoteInputStream.java:131)
		at java.base/java.io.FilterInputStream.read(FilterInputStream.java:119)
		at org.apache.tomcat.util.http.fileupload.util.LimitedInputStream.read(LimitedInputStream.java:132)
		at org.apache.tomcat.util.http.fileupload.MultipartStream$ItemInputStream.makeAvailable(MultipartStream.java:954)
		at org.apache.tomcat.util.http.fileupload.MultipartStream$ItemInputStream.read(MultipartStream.java:858)
		at java.base/java.io.FilterInputStream.read(FilterInputStream.java:119)
		at org.apache.tomcat.util.http.fileupload.util.LimitedInputStream.read(LimitedInputStream.java:132)
		at java.base/java.io.FilterInputStream.read(FilterInputStream.java:95)
		at org.apache.tomcat.util.http.fileupload.util.Streams.copy(Streams.java:96)
		at org.apache.tomcat.util.http.fileupload.FileUploadBase.parseRequest(FileUploadBase.java:292)
		... 28 more
		Suppressed: org.apache.catalina.connector.ClientAbortException: java.io.EOFException
			at org.apache.catalina.connector.InputBuffer.realReadBytes(InputBuffer.java:318)
			at org.apache.catalina.connector.InputBuffer.checkByteBufferEof(InputBuffer.java:596)
			at org.apache.catalina.connector.InputBuffer.read(InputBuffer.java:336)
			at org.apache.catalina.connector.CoyoteInputStream.read(CoyoteInputStream.java:131)
			at java.base/java.io.FilterInputStream.read(FilterInputStream.java:119)
			at org.apache.tomcat.util.http.fileupload.util.LimitedInputStream.read(LimitedInputStream.java:132)
			at org.apache.tomcat.util.http.fileupload.MultipartStream$ItemInputStream.makeAvailable(MultipartStream.java:954)
			at org.apache.tomcat.util.http.fileupload.MultipartStream$ItemInputStream.close(MultipartStream.java:898)
			at org.apache.tomcat.util.http.fileupload.MultipartStream$ItemInputStream.close(MultipartStream.java:877)
			at java.base/java.io.FilterInputStream.close(FilterInputStream.java:170)
			at org.apache.tomcat.util.http.fileupload.util.LimitedInputStream.close(LimitedInputStream.java:163)
			at org.apache.tomcat.util.http.fileupload.util.Streams.copy(Streams.java:92)
			... 29 more
		Caused by: java.io.EOFException
			at org.apache.tomcat.util.net.NioEndpoint$NioSocketWrapper.fillReadBuffer(NioEndpoint.java:1272)
			at org.apache.tomcat.util.net.NioEndpoint$NioSocketWrapper.read(NioEndpoint.java:1184)
			at org.apache.coyote.http11.Http11InputBuffer.fill(Http11InputBuffer.java:785)
			at org.apache.coyote.http11.Http11InputBuffer$SocketInputBuffer.doRead(Http11InputBuffer.java:1179)
			at org.apache.coyote.http11.filters.IdentityInputFilter.doRead(IdentityInputFilter.java:97)
			at org.apache.coyote.http11.Http11InputBuffer.doRead(Http11InputBuffer.java:244)
			at org.apache.coyote.Request.doRead(Request.java:635)
			at org.apache.catalina.connector.InputBuffer.realReadBytes(InputBuffer.java:313)
			... 40 more
	Caused by: java.io.EOFException
		at org.apache.tomcat.util.net.NioEndpoint$NioSocketWrapper.fillReadBuffer(NioEndpoint.java:1272)
		at org.apache.tomcat.util.net.NioEndpoint$NioSocketWrapper.read(NioEndpoint.java:1184)
		at org.apache.coyote.http11.Http11InputBuffer.fill(Http11InputBuffer.java:785)
		at org.apache.coyote.http11.Http11InputBuffer$SocketInputBuffer.doRead(Http11InputBuffer.java:1179)
		at org.apache.coyote.http11.filters.IdentityInputFilter.doRead(IdentityInputFilter.java:97)
		at org.apache.coyote.http11.Http11InputBuffer.doRead(Http11InputBuffer.java:244)
		at org.apache.coyote.Request.doRead(Request.java:635)
		at org.apache.catalina.connector.InputBuffer.realReadBytes(InputBuffer.java:313)
		... 40 more
23-May-2023 11:26:54.951 SEVERE [http-nio-8080-exec-9] org.apache.catalina.core.StandardWrapperValve.invoke Servlet.service() for servlet [FileUpload] in context with path [/fileserver] threw exception
	java.io.IOException: org.apache.tomcat.util.http.fileupload.impl.IOFileUploadException: Processing of multipart/form-data request failed. java.io.EOFException
		at org.apache.catalina.connector.Request.parseParts(Request.java:2834)
		at org.apache.catalina.connector.Request.getParts(Request.java:2691)
		at org.apache.catalina.connector.RequestFacade.getParts(RequestFacade.java:774)
		at FileUpload.doPost(FileUpload.java:49)
		at jakarta.servlet.http.HttpServlet.service(HttpServlet.java:563)
		at jakarta.servlet.http.HttpServlet.service(HttpServlet.java:631)
		at org.apache.catalina.core.ApplicationFilterChain.internalDoFilter(ApplicationFilterChain.java:205)
		at org.apache.catalina.core.ApplicationFilterChain.doFilter(ApplicationFilterChain.java:149)
		at org.apache.tomcat.websocket.server.WsFilter.doFilter(WsFilter.java:53)
		at org.apache.catalina.core.ApplicationFilterChain.internalDoFilter(ApplicationFilterChain.java:174)
		at org.apache.catalina.core.ApplicationFilterChain.doFilter(ApplicationFilterChain.java:149)
		at org.apache.catalina.core.StandardWrapperValve.invoke(StandardWrapperValve.java:166)
		at org.apache.catalina.core.StandardContextValve.invoke(StandardContextValve.java:90)
		at org.apache.catalina.authenticator.AuthenticatorBase.invoke(AuthenticatorBase.java:493)
		at org.apache.catalina.core.StandardHostValve.invoke(StandardHostValve.java:115)
		at org.apache.catalina.valves.ErrorReportValve.invoke(ErrorReportValve.java:93)
		at org.apache.catalina.valves.AbstractAccessLogValve.invoke(AbstractAccessLogValve.java:676)
		at org.apache.catalina.core.StandardEngineValve.invoke(StandardEngineValve.java:74)
		at org.apache.catalina.connector.CoyoteAdapter.service(CoyoteAdapter.java:341)
		at org.apache.coyote.http11.Http11Processor.service(Http11Processor.java:390)
		at org.apache.coyote.AbstractProcessorLight.process(AbstractProcessorLight.java:63)
		at org.apache.coyote.AbstractProtocol$ConnectionHandler.process(AbstractProtocol.java:894)
		at org.apache.tomcat.util.net.NioEndpoint$SocketProcessor.doRun(NioEndpoint.java:1741)
		at org.apache.tomcat.util.net.SocketProcessorBase.run(SocketProcessorBase.java:52)
		at org.apache.tomcat.util.threads.ThreadPoolExecutor.runWorker(ThreadPoolExecutor.java:1191)
		at org.apache.tomcat.util.threads.ThreadPoolExecutor$Worker.run(ThreadPoolExecutor.java:659)
		at org.apache.tomcat.util.threads.TaskThread$WrappingRunnable.run(TaskThread.java:61)
		at java.base/java.lang.Thread.run(Thread.java:1589)
	Caused by: org.apache.tomcat.util.http.fileupload.impl.IOFileUploadException: Processing of multipart/form-data request failed. java.io.EOFException
		at org.apache.tomcat.util.http.fileupload.FileUploadBase.parseRequest(FileUploadBase.java:296)
		at org.apache.catalina.connector.Request.parseParts(Request.java:2790)
		... 27 more
	Caused by: org.apache.catalina.connector.ClientAbortException: java.io.EOFException
		at org.apache.catalina.connector.InputBuffer.realReadBytes(InputBuffer.java:318)
		at org.apache.catalina.connector.InputBuffer.checkByteBufferEof(InputBuffer.java:596)
		at org.apache.catalina.connector.InputBuffer.read(InputBuffer.java:336)
		at org.apache.catalina.connector.CoyoteInputStream.read(CoyoteInputStream.java:131)
		at java.base/java.io.FilterInputStream.read(FilterInputStream.java:119)
		at org.apache.tomcat.util.http.fileupload.util.LimitedInputStream.read(LimitedInputStream.java:132)
		at org.apache.tomcat.util.http.fileupload.MultipartStream$ItemInputStream.makeAvailable(MultipartStream.java:954)
		at org.apache.tomcat.util.http.fileupload.MultipartStream$ItemInputStream.read(MultipartStream.java:858)
		at java.base/java.io.FilterInputStream.read(FilterInputStream.java:119)
		at org.apache.tomcat.util.http.fileupload.util.LimitedInputStream.read(LimitedInputStream.java:132)
		at java.base/java.io.FilterInputStream.read(FilterInputStream.java:95)
		at org.apache.tomcat.util.http.fileupload.util.Streams.copy(Streams.java:96)
		at org.apache.tomcat.util.http.fileupload.FileUploadBase.parseRequest(FileUploadBase.java:292)
		... 28 more
		Suppressed: org.apache.catalina.connector.ClientAbortException: java.io.EOFException
			at org.apache.catalina.connector.InputBuffer.realReadBytes(InputBuffer.java:318)
			at org.apache.catalina.connector.InputBuffer.checkByteBufferEof(InputBuffer.java:596)
			at org.apache.catalina.connector.InputBuffer.read(InputBuffer.java:336)
			at org.apache.catalina.connector.CoyoteInputStream.read(CoyoteInputStream.java:131)
			at java.base/java.io.FilterInputStream.read(FilterInputStream.java:119)
			at org.apache.tomcat.util.http.fileupload.util.LimitedInputStream.read(LimitedInputStream.java:132)
			at org.apache.tomcat.util.http.fileupload.MultipartStream$ItemInputStream.makeAvailable(MultipartStream.java:954)
			at org.apache.tomcat.util.http.fileupload.MultipartStream$ItemInputStream.close(MultipartStream.java:898)
			at org.apache.tomcat.util.http.fileupload.MultipartStream$ItemInputStream.close(MultipartStream.java:877)
			at java.base/java.io.FilterInputStream.close(FilterInputStream.java:170)
			at org.apache.tomcat.util.http.fileupload.util.LimitedInputStream.close(LimitedInputStream.java:163)
			at org.apache.tomcat.util.http.fileupload.util.Streams.copy(Streams.java:92)
			... 29 more
		Caused by: java.io.EOFException
			at org.apache.tomcat.util.net.NioEndpoint$NioSocketWrapper.fillReadBuffer(NioEndpoint.java:1272)
			at org.apache.tomcat.util.net.NioEndpoint$NioSocketWrapper.read(NioEndpoint.java:1184)
			at org.apache.coyote.http11.Http11InputBuffer.fill(Http11InputBuffer.java:785)
			at org.apache.coyote.http11.Http11InputBuffer$SocketInputBuffer.doRead(Http11InputBuffer.java:1179)
			at org.apache.coyote.http11.filters.IdentityInputFilter.doRead(IdentityInputFilter.java:97)
			at org.apache.coyote.http11.Http11InputBuffer.doRead(Http11InputBuffer.java:244)
			at org.apache.coyote.Request.doRead(Request.java:635)
			at org.apache.catalina.connector.InputBuffer.realReadBytes(InputBuffer.java:313)
			... 40 more
	Caused by: java.io.EOFException
		at org.apache.tomcat.util.net.NioEndpoint$NioSocketWrapper.fillReadBuffer(NioEndpoint.java:1272)
		at org.apache.tomcat.util.net.NioEndpoint$NioSocketWrapper.read(NioEndpoint.java:1184)
		at org.apache.coyote.http11.Http11InputBuffer.fill(Http11InputBuffer.java:785)
		at org.apache.coyote.http11.Http11InputBuffer$SocketInputBuffer.doRead(Http11InputBuffer.java:1179)
		at org.apache.coyote.http11.filters.IdentityInputFilter.doRead(IdentityInputFilter.java:97)
		at org.apache.coyote.http11.Http11InputBuffer.doRead(Http11InputBuffer.java:244)
		at org.apache.coyote.Request.doRead(Request.java:635)
		at org.apache.catalina.connector.InputBuffer.realReadBytes(InputBuffer.java:313)
		... 40 more
23-May-2023 11:41:31.324 INFO [Thread-1] org.apache.catalina.core.ApplicationContext.log SessionListener: contextDestroyed()
23-May-2023 11:41:31.324 INFO [Thread-1] org.apache.catalina.core.ApplicationContext.log ContextListener: contextDestroyed()
23-May-2023 13:34:09.552 INFO [main] org.apache.catalina.core.ApplicationContext.log ContextListener: contextInitialized()
23-May-2023 13:34:09.552 INFO [main] org.apache.catalina.core.ApplicationContext.log SessionListener: contextInitialized()
23-May-2023 13:34:09.559 INFO [main] org.apache.catalina.core.ApplicationContext.log ContextListener: attributeAdded('StockTicker', 'async.Stockticker@653e79fc')
23-May-2023 14:10:08.333 INFO [Thread-1] org.apache.catalina.core.ApplicationContext.log SessionListener: contextDestroyed()
23-May-2023 14:10:08.333 INFO [Thread-1] org.apache.catalina.core.ApplicationContext.log ContextListener: contextDestroyed()
