20-Apr-2023 00:01:53.586 INFO [main] org.apache.catalina.core.ApplicationContext.log ContextListener: contextInitialized()
20-Apr-2023 00:01:53.587 INFO [main] org.apache.catalina.core.ApplicationContext.log SessionListener: contextInitialized()
20-Apr-2023 00:01:53.593 INFO [main] org.apache.catalina.core.ApplicationContext.log ContextListener: attributeAdded('StockTicker', 'async.Stockticker@ebd4486')
20-Apr-2023 00:09:16.432 INFO [main] org.apache.catalina.core.ApplicationContext.log ContextListener: contextInitialized()
20-Apr-2023 00:09:16.444 INFO [main] org.apache.catalina.core.ApplicationContext.log SessionListener: contextInitialized()
20-Apr-2023 00:09:16.453 INFO [main] org.apache.catalina.core.ApplicationContext.log ContextListener: attributeAdded('StockTicker', 'async.Stockticker@68a06914')
20-Apr-2023 11:55:03.685 INFO [main] org.apache.catalina.core.ApplicationContext.log ContextListener: contextInitialized()
20-Apr-2023 11:55:03.686 INFO [main] org.apache.catalina.core.ApplicationContext.log SessionListener: contextInitialized()
20-Apr-2023 11:55:03.692 INFO [main] org.apache.catalina.core.ApplicationContext.log ContextListener: attributeAdded('StockTicker', 'async.Stockticker@68a06914')
20-Apr-2023 11:56:22.554 INFO [main] org.apache.catalina.core.ApplicationContext.log ContextListener: contextInitialized()
20-Apr-2023 11:56:22.555 INFO [main] org.apache.catalina.core.ApplicationContext.log SessionListener: contextInitialized()
20-Apr-2023 11:56:22.563 INFO [main] org.apache.catalina.core.ApplicationContext.log ContextListener: attributeAdded('StockTicker', 'async.Stockticker@ebd4486')
20-Apr-2023 12:11:47.145 INFO [main] org.apache.catalina.core.ApplicationContext.log ContextListener: contextInitialized()
20-Apr-2023 12:11:47.154 INFO [main] org.apache.catalina.core.ApplicationContext.log SessionListener: contextInitialized()
20-Apr-2023 12:11:47.163 INFO [main] org.apache.catalina.core.ApplicationContext.log ContextListener: attributeAdded('StockTicker', 'async.Stockticker@653e79fc')
20-Apr-2023 12:43:58.491 INFO [main] org.apache.catalina.core.ApplicationContext.log ContextListener: contextInitialized()
20-Apr-2023 12:43:58.491 INFO [main] org.apache.catalina.core.ApplicationContext.log SessionListener: contextInitialized()
20-Apr-2023 12:43:58.491 INFO [main] org.apache.catalina.core.ApplicationContext.log ContextListener: attributeAdded('StockTicker', 'async.Stockticker@653e79fc')
20-Apr-2023 12:53:02.882 INFO [Thread-1] org.apache.catalina.core.ApplicationContext.log SessionListener: contextDestroyed()
20-Apr-2023 12:53:02.883 INFO [Thread-1] org.apache.catalina.core.ApplicationContext.log ContextListener: contextDestroyed()
20-Apr-2023 21:01:13.951 INFO [main] org.apache.catalina.core.ApplicationContext.log ContextListener: contextInitialized()
20-Apr-2023 21:01:13.961 INFO [main] org.apache.catalina.core.ApplicationContext.log SessionListener: contextInitialized()
20-Apr-2023 21:01:13.966 INFO [main] org.apache.catalina.core.ApplicationContext.log ContextListener: attributeAdded('StockTicker', 'async.Stockticker@ebd4486')
20-Apr-2023 22:18:42.282 INFO [Thread-1] org.apache.catalina.core.ApplicationContext.log SessionListener: contextDestroyed()
20-Apr-2023 22:18:42.283 INFO [Thread-1] org.apache.catalina.core.ApplicationContext.log ContextListener: contextDestroyed()
